<?xml version="1.0" encoding="UTF-8"?>
<testng-results ignored="0" total="1" passed="1" failed="0" skipped="0">
  <reporter-output>
  </reporter-output>
  <suite started-at="2022-11-30T12:36:02 IST" name="Suite" finished-at="2022-11-30T12:36:17 IST" duration-ms="14667">
    <groups>
    </groups>
    <test started-at="2022-11-30T12:36:02 IST" name="Test" finished-at="2022-11-30T12:36:17 IST" duration-ms="14667">
      <class name="Sample.Percy_Sample_Project.App">
        <test-method is-config="true" signature="testing()[pri:0, instance:Sample.Percy_Sample_Project.App@f5acb9d]" started-at="2022-11-30T12:36:02 IST" name="testing" finished-at="2022-11-30T12:36:06 IST" duration-ms="4136" status="PASS">
          <reporter-output>
          </reporter-output>
        </test-method> <!-- testing -->
        <test-method signature="test()[pri:0, instance:Sample.Percy_Sample_Project.App@f5acb9d]" started-at="2022-11-30T12:36:06 IST" name="test" finished-at="2022-11-30T12:36:17 IST" duration-ms="10491" status="PASS">
          <reporter-output>
          </reporter-output>
        </test-method> <!-- test -->
      </class> <!-- Sample.Percy_Sample_Project.App -->
    </test> <!-- Test -->
  </suite> <!-- Suite -->
</testng-results>
